<?xml version="1.0" encoding="UTF-8"?>
<!-- Generated by org.testng.reporters.JUnitReportReporter -->
<testsuite hostname="Nishant8865" failures="0" tests="2" name="testclass.launch_google_test" time="16.092" errors="0" timestamp="2023-07-22T10:43:47 IST" skipped="0">
  <testcase classname="testclass.launch_google_test" name="sendkey" time="8.085"/>
  <system-out/>
  <testcase classname="testclass.launch_google_test" name="Failedmethod" time="8.007"/>
  <system-out/>
</testsuite> <!-- testclass.launch_google_test -->
